[32mINFO[0m:     [01-04-2025 11:29:42] Set chroma_server_nofile to 65535
[32mINFO[0m:     [01-04-2025 11:30:31] Set chroma_server_nofile to 65535
[32mINFO[0m:     [01-04-2025 11:31:40] Set chroma_server_nofile to 65535
[32mINFO[0m:     [01-04-2025 11:31:50] Set chroma_server_nofile to 65535
[32mINFO[0m:     [01-04-2025 11:31:51] Anonymized telemetry enabled. See                     https://docs.trychroma.com/telemetry for more information.
[36mDEBUG[0m:    [01-04-2025 11:31:51] Starting component System
[36mDEBUG[0m:    [01-04-2025 11:31:51] Starting component OpenTelemetryClient
[36mDEBUG[0m:    [01-04-2025 11:31:51] Starting component SqliteDB
[36mDEBUG[0m:    [01-04-2025 11:31:51] Starting component SimpleQuotaEnforcer
[36mDEBUG[0m:    [01-04-2025 11:31:51] Starting component Posthog
[36mDEBUG[0m:    [01-04-2025 11:31:51] Starting component SimpleRateLimitEnforcer
[36mDEBUG[0m:    [01-04-2025 11:31:51] Starting component LocalSegmentManager
[36mDEBUG[0m:    [01-04-2025 11:31:51] Starting component LocalExecutor
[36mDEBUG[0m:    [01-04-2025 11:31:51] Starting component SegmentAPI
[36mDEBUG[0m:    [01-04-2025 11:31:51] Starting component SimpleAsyncRateLimitEnforcer
[32mINFO[0m:     [01-04-2025 11:31:51] Started server process [[36m59028[0m]
[32mINFO[0m:     [01-04-2025 11:31:51] Waiting for application startup.
[32mINFO[0m:     [01-04-2025 11:31:51] Application startup complete.
[32mINFO[0m:     [01-04-2025 11:31:51] Uvicorn running on [1mhttp://localhost:8000[0m (Press CTRL+C to quit)
[32mINFO[0m:     [01-04-2025 11:31:54] Shutting down
[32mINFO[0m:     [01-04-2025 11:31:54] Waiting for application shutdown.
[36mDEBUG[0m:    [01-04-2025 11:31:54] Stopping component System
[36mDEBUG[0m:    [01-04-2025 11:31:54] Stopping component SegmentAPI
[36mDEBUG[0m:    [01-04-2025 11:31:54] Stopping component LocalExecutor
[36mDEBUG[0m:    [01-04-2025 11:31:54] Stopping component LocalSegmentManager
[36mDEBUG[0m:    [01-04-2025 11:31:54] Stopping component SimpleAsyncRateLimitEnforcer
[36mDEBUG[0m:    [01-04-2025 11:31:54] Stopping component SimpleRateLimitEnforcer
[36mDEBUG[0m:    [01-04-2025 11:31:54] Stopping component Posthog
[36mDEBUG[0m:    [01-04-2025 11:31:54] Stopping component SimpleQuotaEnforcer
[36mDEBUG[0m:    [01-04-2025 11:31:54] Stopping component SqliteDB
[36mDEBUG[0m:    [01-04-2025 11:31:54] Stopping component OpenTelemetryClient
[32mINFO[0m:     [01-04-2025 11:31:54] Application shutdown complete.
[32mINFO[0m:     [01-04-2025 11:31:54] Finished server process [[36m59028[0m]
